{"/home/subha/Code/Namaste_React/Episode13/React/src/components/Body.js": {"path":"/home/subha/Code/Namaste_React/Episode13/React/src/components/Body.js","statementMap":{"0":{"start":{"line":10,"column":13},"end":{"line":122,"column":1}},"1":{"start":{"line":11,"column":46},"end":{"line":11,"column":58}},"2":{"start":{"line":12,"column":54},"end":{"line":12,"column":66}},"3":{"start":{"line":13,"column":38},"end":{"line":13,"column":50}},"4":{"start":{"line":15,"column":33},"end":{"line":15,"column":66}},"5":{"start":{"line":17,"column":2},"end":{"line":19,"column":9}},"6":{"start":{"line":18,"column":4},"end":{"line":18,"column":15}},"7":{"start":{"line":21,"column":19},"end":{"line":30,"column":3}},"8":{"start":{"line":22,"column":4},"end":{"line":29,"column":5}},"9":{"start":{"line":23,"column":23},"end":{"line":23,"column":33}},"10":{"start":{"line":25,"column":6},"end":{"line":25,"column":34}},"11":{"start":{"line":26,"column":6},"end":{"line":26,"column":38}},"12":{"start":{"line":28,"column":6},"end":{"line":28,"column":25}},"13":{"start":{"line":32,"column":23},"end":{"line":32,"column":40}},"14":{"start":{"line":34,"column":2},"end":{"line":34,"column":60}},"15":{"start":{"line":34,"column":30},"end":{"line":34,"column":60}},"16":{"start":{"line":36,"column":38},"end":{"line":36,"column":61}},"17":{"start":{"line":40,"column":2},"end":{"line":121,"column":4}},"18":{"start":{"line":52,"column":14},"end":{"line":52,"column":44}},"19":{"start":{"line":58,"column":32},"end":{"line":60,"column":15}},"20":{"start":{"line":59,"column":16},"end":{"line":59,"column":78}},"21":{"start":{"line":61,"column":14},"end":{"line":61,"column":47}},"22":{"start":{"line":72,"column":24},"end":{"line":72,"column":77}},"23":{"start":{"line":72,"column":53},"end":{"line":72,"column":76}},"24":{"start":{"line":74,"column":14},"end":{"line":74,"column":39}},"25":{"start":{"line":84,"column":26},"end":{"line":86,"column":15}},"26":{"start":{"line":85,"column":26},"end":{"line":85,"column":48}},"27":{"start":{"line":87,"column":14},"end":{"line":87,"column":41}},"28":{"start":{"line":98,"column":29},"end":{"line":98,"column":56}},"29":{"start":{"line":105,"column":10},"end":{"line":117,"column":12}}},"fnMap":{"0":{"name":"(anonymous_0)","decl":{"start":{"line":10,"column":13},"end":{"line":10,"column":14}},"loc":{"start":{"line":10,"column":19},"end":{"line":122,"column":1}},"line":10},"1":{"name":"(anonymous_1)","decl":{"start":{"line":17,"column":12},"end":{"line":17,"column":13}},"loc":{"start":{"line":17,"column":18},"end":{"line":19,"column":3}},"line":17},"2":{"name":"(anonymous_2)","decl":{"start":{"line":21,"column":19},"end":{"line":21,"column":20}},"loc":{"start":{"line":21,"column":25},"end":{"line":30,"column":3}},"line":21},"3":{"name":"(anonymous_3)","decl":{"start":{"line":51,"column":22},"end":{"line":51,"column":23}},"loc":{"start":{"line":51,"column":29},"end":{"line":53,"column":13}},"line":51},"4":{"name":"(anonymous_4)","decl":{"start":{"line":57,"column":21},"end":{"line":57,"column":22}},"loc":{"start":{"line":57,"column":27},"end":{"line":62,"column":13}},"line":57},"5":{"name":"(anonymous_5)","decl":{"start":{"line":58,"column":54},"end":{"line":58,"column":55}},"loc":{"start":{"line":59,"column":16},"end":{"line":59,"column":78}},"line":59},"6":{"name":"(anonymous_6)","decl":{"start":{"line":71,"column":21},"end":{"line":71,"column":22}},"loc":{"start":{"line":71,"column":27},"end":{"line":75,"column":13}},"line":71},"7":{"name":"(anonymous_7)","decl":{"start":{"line":72,"column":46},"end":{"line":72,"column":47}},"loc":{"start":{"line":72,"column":53},"end":{"line":72,"column":76}},"line":72},"8":{"name":"(anonymous_8)","decl":{"start":{"line":83,"column":21},"end":{"line":83,"column":22}},"loc":{"start":{"line":83,"column":27},"end":{"line":88,"column":13}},"line":83},"9":{"name":"(anonymous_9)","decl":{"start":{"line":85,"column":16},"end":{"line":85,"column":17}},"loc":{"start":{"line":85,"column":26},"end":{"line":85,"column":48}},"line":85},"10":{"name":"(anonymous_10)","decl":{"start":{"line":98,"column":22},"end":{"line":98,"column":23}},"loc":{"start":{"line":98,"column":29},"end":{"line":98,"column":56}},"line":98},"11":{"name":"(anonymous_11)","decl":{"start":{"line":104,"column":32},"end":{"line":104,"column":33}},"loc":{"start":{"line":104,"column":48},"end":{"line":118,"column":9}},"line":104}},"branchMap":{"0":{"loc":{"start":{"line":34,"column":2},"end":{"line":34,"column":60}},"type":"if","locations":[{"start":{"line":34,"column":2},"end":{"line":34,"column":60}},{"start":{},"end":{}}],"line":34},"1":{"loc":{"start":{"line":40,"column":9},"end":{"line":121,"column":3}},"type":"cond-expr","locations":[{"start":{"line":41,"column":4},"end":{"line":41,"column":15}},{"start":{"line":43,"column":4},"end":{"line":120,"column":10}}],"line":40},"2":{"loc":{"start":{"line":111,"column":15},"end":{"line":115,"column":15}},"type":"cond-expr","locations":[{"start":{"line":112,"column":16},"end":{"line":112,"column":69}},{"start":{"line":114,"column":16},"end":{"line":114,"column":61}}],"line":111}},"s":{"0":1,"1":10,"2":10,"3":10,"4":10,"5":10,"6":3,"7":10,"8":3,"9":3,"10":3,"11":3,"12":0,"13":10,"14":10,"15":0,"16":10,"17":10,"18":1,"19":1,"20":20,"21":1,"22":1,"23":20,"24":1,"25":1,"26":20,"27":1,"28":0,"29":99},"f":{"0":10,"1":3,"2":3,"3":1,"4":1,"5":20,"6":1,"7":20,"8":1,"9":20,"10":0,"11":99},"b":{"0":[0,10],"1":[3,7],"2":[55,44]},"_coverageSchema":"1a1c01bbd47fc00a2c39e90264f33305004495a9","hash":"37278f75eea8d0d12c5995c0054cd00578f8479c"}
,"/home/subha/Code/Namaste_React/Episode13/React/src/components/Header.js": {"path":"/home/subha/Code/Namaste_React/Episode13/React/src/components/Header.js","statementMap":{"0":{"start":{"line":8,"column":15},"end":{"line":58,"column":1}},"1":{"start":{"line":9,"column":32},"end":{"line":9,"column":49}},"2":{"start":{"line":10,"column":23},"end":{"line":10,"column":40}},"3":{"start":{"line":12,"column":15},"end":{"line":12,"column":38}},"4":{"start":{"line":15,"column":20},"end":{"line":15,"column":60}},"5":{"start":{"line":15,"column":43},"end":{"line":15,"column":59}},"6":{"start":{"line":17,"column":2},"end":{"line":57,"column":4}},"7":{"start":{"line":48,"column":14},"end":{"line":48,"column":79}}},"fnMap":{"0":{"name":"(anonymous_0)","decl":{"start":{"line":8,"column":15},"end":{"line":8,"column":16}},"loc":{"start":{"line":8,"column":21},"end":{"line":58,"column":1}},"line":8},"1":{"name":"(anonymous_1)","decl":{"start":{"line":15,"column":32},"end":{"line":15,"column":33}},"loc":{"start":{"line":15,"column":43},"end":{"line":15,"column":59}},"line":15},"2":{"name":"(anonymous_2)","decl":{"start":{"line":47,"column":21},"end":{"line":47,"column":22}},"loc":{"start":{"line":47,"column":27},"end":{"line":49,"column":13}},"line":47}},"branchMap":{"0":{"loc":{"start":{"line":29,"column":47},"end":{"line":29,"column":73}},"type":"cond-expr","locations":[{"start":{"line":29,"column":62},"end":{"line":29,"column":66}},{"start":{"line":29,"column":69},"end":{"line":29,"column":73}}],"line":29},"1":{"loc":{"start":{"line":48,"column":14},"end":{"line":48,"column":78}},"type":"cond-expr","locations":[{"start":{"line":48,"column":36},"end":{"line":48,"column":56}},{"start":{"line":48,"column":59},"end":{"line":48,"column":78}}],"line":48}},"s":{"0":2,"1":8,"2":8,"3":8,"4":8,"5":15,"6":8,"7":1},"f":{"0":8,"1":15,"2":1},"b":{"0":[8,0],"1":[1,0]},"_coverageSchema":"1a1c01bbd47fc00a2c39e90264f33305004495a9","hash":"1f6e50bccfe336c232f7050aa6035ccd2bf065dd"}
,"/home/subha/Code/Namaste_React/Episode13/React/src/components/ItemList.js": {"path":"/home/subha/Code/Namaste_React/Episode13/React/src/components/ItemList.js","statementMap":{"0":{"start":{"line":5,"column":17},"end":{"line":64,"column":1}},"1":{"start":{"line":6,"column":19},"end":{"line":6,"column":32}},"2":{"start":{"line":8,"column":24},"end":{"line":11,"column":3}},"3":{"start":{"line":10,"column":4},"end":{"line":10,"column":28}},"4":{"start":{"line":13,"column":2},"end":{"line":63,"column":4}},"5":{"start":{"line":17,"column":10},"end":{"line":58,"column":16}},"6":{"start":{"line":40,"column":37},"end":{"line":40,"column":56}}},"fnMap":{"0":{"name":"(anonymous_0)","decl":{"start":{"line":5,"column":17},"end":{"line":5,"column":18}},"loc":{"start":{"line":5,"column":32},"end":{"line":64,"column":1}},"line":5},"1":{"name":"(anonymous_1)","decl":{"start":{"line":8,"column":24},"end":{"line":8,"column":25}},"loc":{"start":{"line":8,"column":34},"end":{"line":11,"column":3}},"line":8},"2":{"name":"(anonymous_2)","decl":{"start":{"line":16,"column":19},"end":{"line":16,"column":20}},"loc":{"start":{"line":17,"column":10},"end":{"line":58,"column":16}},"line":17},"3":{"name":"(anonymous_3)","decl":{"start":{"line":40,"column":31},"end":{"line":40,"column":32}},"loc":{"start":{"line":40,"column":37},"end":{"line":40,"column":56}},"line":40}},"branchMap":{"0":{"loc":{"start":{"line":24,"column":17},"end":{"line":28,"column":17}},"type":"cond-expr","locations":[{"start":{"line":25,"column":18},"end":{"line":25,"column":61}},{"start":{"line":27,"column":18},"end":{"line":27,"column":68}}],"line":24},"1":{"loc":{"start":{"line":35,"column":15},"end":{"line":55,"column":15}},"type":"cond-expr","locations":[{"start":{"line":36,"column":16},"end":{"line":50,"column":22}},{"start":{"line":52,"column":16},"end":{"line":54,"column":20}}],"line":35}},"s":{"0":1,"1":7,"2":7,"3":2,"4":7,"5":63,"6":2},"f":{"0":7,"1":2,"2":63,"3":2},"b":{"0":[63,0],"1":[63,0]},"_coverageSchema":"1a1c01bbd47fc00a2c39e90264f33305004495a9","hash":"1539f4c894fe556de7fec9778dbe12615715aace"}
,"/home/subha/Code/Namaste_React/Episode13/React/src/components/RestaurantCard.js": {"path":"/home/subha/Code/Namaste_React/Episode13/React/src/components/RestaurantCard.js","statementMap":{"0":{"start":{"line":3,"column":23},"end":{"line":37,"column":1}},"1":{"start":{"line":4,"column":22},"end":{"line":4,"column":27}},"2":{"start":{"line":13,"column":6},"end":{"line":13,"column":13}},"3":{"start":{"line":15,"column":2},"end":{"line":36,"column":4}},"4":{"start":{"line":40,"column":33},"end":{"line":52,"column":1}},"5":{"start":{"line":41,"column":2},"end":{"line":51,"column":4}},"6":{"start":{"line":42,"column":4},"end":{"line":50,"column":6}}},"fnMap":{"0":{"name":"(anonymous_0)","decl":{"start":{"line":3,"column":23},"end":{"line":3,"column":24}},"loc":{"start":{"line":3,"column":34},"end":{"line":37,"column":1}},"line":3},"1":{"name":"(anonymous_1)","decl":{"start":{"line":40,"column":33},"end":{"line":40,"column":34}},"loc":{"start":{"line":40,"column":53},"end":{"line":52,"column":1}},"line":40},"2":{"name":"(anonymous_2)","decl":{"start":{"line":41,"column":9},"end":{"line":41,"column":10}},"loc":{"start":{"line":41,"column":20},"end":{"line":51,"column":3}},"line":41}},"branchMap":{"0":{"loc":{"start":{"line":23,"column":11},"end":{"line":23,"column":66}},"type":"cond-expr","locations":[{"start":{"line":23,"column":30},"end":{"line":23,"column":59}},{"start":{"line":23,"column":62},"end":{"line":23,"column":66}}],"line":23}},"s":{"0":2,"1":101,"2":101,"3":101,"4":2,"5":11,"6":56},"f":{"0":101,"1":11,"2":56},"b":{"0":[9,92]},"_coverageSchema":"1a1c01bbd47fc00a2c39e90264f33305004495a9","hash":"0191e17e497e3aa2b74c8c0f9718e10e13eec287"}
,"/home/subha/Code/Namaste_React/Episode13/React/src/components/ResturantCategory.js": {"path":"/home/subha/Code/Namaste_React/Episode13/React/src/components/ResturantCategory.js","statementMap":{"0":{"start":{"line":5,"column":27},"end":{"line":28,"column":1}},"1":{"start":{"line":6,"column":36},"end":{"line":6,"column":51}},"2":{"start":{"line":7,"column":22},"end":{"line":10,"column":3}},"3":{"start":{"line":9,"column":4},"end":{"line":9,"column":29}},"4":{"start":{"line":12,"column":2},"end":{"line":27,"column":4}}},"fnMap":{"0":{"name":"(anonymous_0)","decl":{"start":{"line":5,"column":27},"end":{"line":5,"column":28}},"loc":{"start":{"line":5,"column":41},"end":{"line":28,"column":1}},"line":5},"1":{"name":"(anonymous_1)","decl":{"start":{"line":7,"column":22},"end":{"line":7,"column":23}},"loc":{"start":{"line":7,"column":28},"end":{"line":10,"column":3}},"line":7}},"branchMap":{"0":{"loc":{"start":{"line":22,"column":18},"end":{"line":22,"column":39}},"type":"cond-expr","locations":[{"start":{"line":22,"column":30},"end":{"line":22,"column":33}},{"start":{"line":22,"column":36},"end":{"line":22,"column":39}}],"line":22},"1":{"loc":{"start":{"line":24,"column":9},"end":{"line":24,"column":57}},"type":"binary-expr","locations":[{"start":{"line":24,"column":9},"end":{"line":24,"column":18}},{"start":{"line":24,"column":22},"end":{"line":24,"column":57}}],"line":24}},"s":{"0":1,"1":10,"2":10,"3":2,"4":10},"f":{"0":10,"1":2},"b":{"0":[2,8],"1":[10,2]},"_coverageSchema":"1a1c01bbd47fc00a2c39e90264f33305004495a9","hash":"6439f37b0f117f5abc51289baeae9d0147ce7ad0"}
,"/home/subha/Code/Namaste_React/Episode13/React/src/components/Shimmer.js": {"path":"/home/subha/Code/Namaste_React/Episode13/React/src/components/Shimmer.js","statementMap":{"0":{"start":{"line":1,"column":16},"end":{"line":18,"column":1}},"1":{"start":{"line":2,"column":2},"end":{"line":17,"column":4}}},"fnMap":{"0":{"name":"(anonymous_0)","decl":{"start":{"line":1,"column":16},"end":{"line":1,"column":17}},"loc":{"start":{"line":1,"column":22},"end":{"line":18,"column":1}},"line":1}},"branchMap":{},"s":{"0":2,"1":5},"f":{"0":5},"b":{},"_coverageSchema":"1a1c01bbd47fc00a2c39e90264f33305004495a9","hash":"c1c4e68a18f27430592983b958b5bb7955030d59"}
,"/home/subha/Code/Namaste_React/Episode13/React/src/components/sum.js": {"path":"/home/subha/Code/Namaste_React/Episode13/React/src/components/sum.js","statementMap":{"0":{"start":{"line":1,"column":19},"end":{"line":3,"column":1}},"1":{"start":{"line":2,"column":2},"end":{"line":2,"column":15}}},"fnMap":{"0":{"name":"(anonymous_0)","decl":{"start":{"line":1,"column":19},"end":{"line":1,"column":20}},"loc":{"start":{"line":1,"column":29},"end":{"line":3,"column":1}},"line":1}},"branchMap":{},"s":{"0":1,"1":1},"f":{"0":1},"b":{},"_coverageSchema":"1a1c01bbd47fc00a2c39e90264f33305004495a9","hash":"cdd99507a0a0f973a0edeedddddb832f3b14b1bc"}
,"/home/subha/Code/Namaste_React/Episode13/React/src/pages/Cart.js": {"path":"/home/subha/Code/Namaste_React/Episode13/React/src/pages/Cart.js","statementMap":{"0":{"start":{"line":5,"column":13},"end":{"line":30,"column":1}},"1":{"start":{"line":6,"column":20},"end":{"line":6,"column":60}},"2":{"start":{"line":6,"column":43},"end":{"line":6,"column":59}},"3":{"start":{"line":8,"column":19},"end":{"line":8,"column":32}},"4":{"start":{"line":9,"column":26},"end":{"line":11,"column":3}},"5":{"start":{"line":10,"column":4},"end":{"line":10,"column":26}},"6":{"start":{"line":13,"column":2},"end":{"line":29,"column":4}}},"fnMap":{"0":{"name":"(anonymous_0)","decl":{"start":{"line":5,"column":13},"end":{"line":5,"column":14}},"loc":{"start":{"line":5,"column":19},"end":{"line":30,"column":1}},"line":5},"1":{"name":"(anonymous_1)","decl":{"start":{"line":6,"column":32},"end":{"line":6,"column":33}},"loc":{"start":{"line":6,"column":43},"end":{"line":6,"column":59}},"line":6},"2":{"name":"(anonymous_2)","decl":{"start":{"line":9,"column":26},"end":{"line":9,"column":27}},"loc":{"start":{"line":9,"column":32},"end":{"line":11,"column":3}},"line":9}},"branchMap":{"0":{"loc":{"start":{"line":23,"column":9},"end":{"line":23,"column":67}},"type":"binary-expr","locations":[{"start":{"line":23,"column":9},"end":{"line":23,"column":31}},{"start":{"line":23,"column":35},"end":{"line":23,"column":67}}],"line":23}},"s":{"0":1,"1":5,"2":10,"3":5,"4":5,"5":1,"6":5},"f":{"0":5,"1":10,"2":1},"b":{"0":[5,3]},"_coverageSchema":"1a1c01bbd47fc00a2c39e90264f33305004495a9","hash":"a4568dcd18e65eb4970271adae50c8f0e7601b8e"}
,"/home/subha/Code/Namaste_React/Episode13/React/src/pages/Contact.js": {"path":"/home/subha/Code/Namaste_React/Episode13/React/src/pages/Contact.js","statementMap":{"0":{"start":{"line":1,"column":16},"end":{"line":24,"column":1}},"1":{"start":{"line":2,"column":2},"end":{"line":23,"column":4}}},"fnMap":{"0":{"name":"(anonymous_0)","decl":{"start":{"line":1,"column":16},"end":{"line":1,"column":17}},"loc":{"start":{"line":1,"column":22},"end":{"line":24,"column":1}},"line":1}},"branchMap":{},"s":{"0":1,"1":4},"f":{"0":4},"b":{},"_coverageSchema":"1a1c01bbd47fc00a2c39e90264f33305004495a9","hash":"caf3e91ebc161ebc58e7195a762410bea104aa2e"}
,"/home/subha/Code/Namaste_React/Episode13/React/src/pages/RestaurantManu.js": {"path":"/home/subha/Code/Namaste_React/Episode13/React/src/pages/RestaurantManu.js","statementMap":{"0":{"start":{"line":8,"column":22},"end":{"line":78,"column":1}},"1":{"start":{"line":9,"column":20},"end":{"line":9,"column":31}},"2":{"start":{"line":10,"column":36},"end":{"line":10,"column":47}},"3":{"start":{"line":12,"column":19},"end":{"line":12,"column":42}},"4":{"start":{"line":13,"column":18},"end":{"line":13,"column":59}},"5":{"start":{"line":16,"column":4},"end":{"line":16,"column":67}},"6":{"start":{"line":18,"column":2},"end":{"line":18,"column":68}},"7":{"start":{"line":18,"column":49},"end":{"line":18,"column":68}},"8":{"start":{"line":20,"column":19},"end":{"line":24,"column":3}},"9":{"start":{"line":22,"column":6},"end":{"line":23,"column":68}},"10":{"start":{"line":29,"column":4},"end":{"line":29,"column":11}},"11":{"start":{"line":31,"column":2},"end":{"line":77,"column":4}},"12":{"start":{"line":40,"column":16},"end":{"line":40,"column":43}},"13":{"start":{"line":65,"column":12},"end":{"line":72,"column":17}},"14":{"start":{"line":70,"column":36},"end":{"line":70,"column":55}}},"fnMap":{"0":{"name":"(anonymous_0)","decl":{"start":{"line":8,"column":22},"end":{"line":8,"column":23}},"loc":{"start":{"line":8,"column":28},"end":{"line":78,"column":1}},"line":8},"1":{"name":"(anonymous_1)","decl":{"start":{"line":21,"column":4},"end":{"line":21,"column":5}},"loc":{"start":{"line":22,"column":6},"end":{"line":23,"column":68}},"line":22},"2":{"name":"(anonymous_2)","decl":{"start":{"line":39,"column":28},"end":{"line":39,"column":29}},"loc":{"start":{"line":40,"column":16},"end":{"line":40,"column":43}},"line":40},"3":{"name":"(anonymous_3)","decl":{"start":{"line":64,"column":24},"end":{"line":64,"column":25}},"loc":{"start":{"line":65,"column":12},"end":{"line":72,"column":17}},"line":65},"4":{"name":"(anonymous_4)","decl":{"start":{"line":70,"column":30},"end":{"line":70,"column":31}},"loc":{"start":{"line":70,"column":36},"end":{"line":70,"column":55}},"line":70}},"branchMap":{"0":{"loc":{"start":{"line":18,"column":2},"end":{"line":18,"column":68}},"type":"if","locations":[{"start":{"line":18,"column":2},"end":{"line":18,"column":68}},{"start":{},"end":{}}],"line":18},"1":{"loc":{"start":{"line":18,"column":6},"end":{"line":18,"column":47}},"type":"binary-expr","locations":[{"start":{"line":18,"column":6},"end":{"line":18,"column":27}},{"start":{"line":18,"column":31},"end":{"line":18,"column":47}}],"line":18},"2":{"loc":{"start":{"line":58,"column":37},"end":{"line":58,"column":72}},"type":"cond-expr","locations":[{"start":{"line":58,"column":43},"end":{"line":58,"column":62}},{"start":{"line":58,"column":65},"end":{"line":58,"column":72}}],"line":58},"3":{"loc":{"start":{"line":69,"column":27},"end":{"line":69,"column":61}},"type":"cond-expr","locations":[{"start":{"line":69,"column":49},"end":{"line":69,"column":53}},{"start":{"line":69,"column":56},"end":{"line":69,"column":61}}],"line":69}},"s":{"0":1,"1":5,"2":4,"3":4,"4":4,"5":4,"6":4,"7":2,"8":2,"9":20,"10":2,"11":2,"12":4,"13":8,"14":0},"f":{"0":5,"1":20,"2":4,"3":8,"4":0},"b":{"0":[2,2],"1":[4,2],"2":[0,2],"3":[2,6]},"_coverageSchema":"1a1c01bbd47fc00a2c39e90264f33305004495a9","hash":"3686197c710f01772c415ff79953d1431e6cd52f"}
,"/home/subha/Code/Namaste_React/Episode13/React/src/utills/UserContext.js": {"path":"/home/subha/Code/Namaste_React/Episode13/React/src/utills/UserContext.js","statementMap":{"0":{"start":{"line":3,"column":20},"end":{"line":5,"column":2}}},"fnMap":{},"branchMap":{},"s":{"0":3},"f":{},"b":{},"_coverageSchema":"1a1c01bbd47fc00a2c39e90264f33305004495a9","hash":"e7b462f0ac89938b5dc0864e5689e0c99bd48b4b"}
,"/home/subha/Code/Namaste_React/Episode13/React/src/utills/appStore.js": {"path":"/home/subha/Code/Namaste_React/Episode13/React/src/utills/appStore.js","statementMap":{"0":{"start":{"line":4,"column":17},"end":{"line":8,"column":2}}},"fnMap":{},"branchMap":{},"s":{"0":2},"f":{},"b":{},"_coverageSchema":"1a1c01bbd47fc00a2c39e90264f33305004495a9","hash":"b22cb0e4a3611baa9bff023f2252bf99447fd993"}
,"/home/subha/Code/Namaste_React/Episode13/React/src/utills/cartSlice.js": {"path":"/home/subha/Code/Namaste_React/Episode13/React/src/utills/cartSlice.js","statementMap":{"0":{"start":{"line":3,"column":18},"end":{"line":21,"column":2}},"1":{"start":{"line":11,"column":6},"end":{"line":11,"column":39}},"2":{"start":{"line":14,"column":6},"end":{"line":14,"column":24}},"3":{"start":{"line":18,"column":6},"end":{"line":18,"column":27}},"4":{"start":{"line":23,"column":50},"end":{"line":23,"column":67}}},"fnMap":{"0":{"name":"(anonymous_0)","decl":{"start":{"line":9,"column":13},"end":{"line":9,"column":14}},"loc":{"start":{"line":9,"column":32},"end":{"line":12,"column":5}},"line":9},"1":{"name":"(anonymous_1)","decl":{"start":{"line":13,"column":16},"end":{"line":13,"column":17}},"loc":{"start":{"line":13,"column":27},"end":{"line":15,"column":5}},"line":13},"2":{"name":"(anonymous_2)","decl":{"start":{"line":16,"column":15},"end":{"line":16,"column":16}},"loc":{"start":{"line":16,"column":26},"end":{"line":19,"column":5}},"line":16}},"branchMap":{},"s":{"0":2,"1":2,"2":0,"3":1,"4":2},"f":{"0":2,"1":0,"2":1},"b":{},"_coverageSchema":"1a1c01bbd47fc00a2c39e90264f33305004495a9","hash":"8ded17dc06dbc209093b723b2d2092e3ea6cac06"}
,"/home/subha/Code/Namaste_React/Episode13/React/src/utills/constants.js": {"path":"/home/subha/Code/Namaste_React/Episode13/React/src/utills/constants.js","statementMap":{"0":{"start":{"line":2,"column":2},"end":{"line":2,"column":136}},"1":{"start":{"line":5,"column":2},"end":{"line":5,"column":93}},"2":{"start":{"line":13,"column":2},"end":{"line":13,"column":95}},"3":{"start":{"line":15,"column":2},"end":{"line":15,"column":132}}},"fnMap":{},"branchMap":{},"s":{"0":3,"1":3,"2":3,"3":3},"f":{},"b":{},"_coverageSchema":"1a1c01bbd47fc00a2c39e90264f33305004495a9","hash":"df79c9d6430e4fefc57f08de38ad6599e4d9f092"}
,"/home/subha/Code/Namaste_React/Episode13/React/src/utills/mockData.js": {"path":"/home/subha/Code/Namaste_React/Episode13/React/src/utills/mockData.js","statementMap":{"0":{"start":{"line":1,"column":15},"end":{"line":1759,"column":1}}},"fnMap":{},"branchMap":{},"s":{"0":1},"f":{},"b":{},"_coverageSchema":"1a1c01bbd47fc00a2c39e90264f33305004495a9","hash":"2f1a2719804034f5c380084cb94becda789df559"}
,"/home/subha/Code/Namaste_React/Episode13/React/src/utills/useOnlineStatus.js": {"path":"/home/subha/Code/Namaste_React/Episode13/React/src/utills/useOnlineStatus.js","statementMap":{"0":{"start":{"line":3,"column":24},"end":{"line":17,"column":1}},"1":{"start":{"line":4,"column":42},"end":{"line":4,"column":56}},"2":{"start":{"line":6,"column":2},"end":{"line":14,"column":9}},"3":{"start":{"line":7,"column":4},"end":{"line":9,"column":7}},"4":{"start":{"line":8,"column":6},"end":{"line":8,"column":28}},"5":{"start":{"line":11,"column":4},"end":{"line":13,"column":7}},"6":{"start":{"line":12,"column":6},"end":{"line":12,"column":29}},"7":{"start":{"line":16,"column":2},"end":{"line":16,"column":22}}},"fnMap":{"0":{"name":"(anonymous_0)","decl":{"start":{"line":3,"column":24},"end":{"line":3,"column":25}},"loc":{"start":{"line":3,"column":30},"end":{"line":17,"column":1}},"line":3},"1":{"name":"(anonymous_1)","decl":{"start":{"line":6,"column":12},"end":{"line":6,"column":13}},"loc":{"start":{"line":6,"column":18},"end":{"line":14,"column":3}},"line":6},"2":{"name":"(anonymous_2)","decl":{"start":{"line":7,"column":38},"end":{"line":7,"column":39}},"loc":{"start":{"line":7,"column":44},"end":{"line":9,"column":5}},"line":7},"3":{"name":"(anonymous_3)","decl":{"start":{"line":11,"column":39},"end":{"line":11,"column":40}},"loc":{"start":{"line":11,"column":45},"end":{"line":13,"column":5}},"line":11}},"branchMap":{},"s":{"0":3,"1":18,"2":18,"3":7,"4":0,"5":7,"6":0,"7":18},"f":{"0":18,"1":7,"2":0,"3":0},"b":{},"_coverageSchema":"1a1c01bbd47fc00a2c39e90264f33305004495a9","hash":"b10689b70dc4664e2b983a011e6b7cc7b285d738"}
,"/home/subha/Code/Namaste_React/Episode13/React/src/utills/useRestrauntMenu.js": {"path":"/home/subha/Code/Namaste_React/Episode13/React/src/utills/useRestrauntMenu.js","statementMap":{"0":{"start":{"line":4,"column":25},"end":{"line":18,"column":1}},"1":{"start":{"line":5,"column":32},"end":{"line":5,"column":46}},"2":{"start":{"line":7,"column":2},"end":{"line":9,"column":9}},"3":{"start":{"line":8,"column":4},"end":{"line":8,"column":16}},"4":{"start":{"line":11,"column":20},"end":{"line":15,"column":3}},"5":{"start":{"line":12,"column":17},"end":{"line":12,"column":56}},"6":{"start":{"line":13,"column":17},"end":{"line":13,"column":34}},"7":{"start":{"line":14,"column":4},"end":{"line":14,"column":21}},"8":{"start":{"line":17,"column":2},"end":{"line":17,"column":17}}},"fnMap":{"0":{"name":"(anonymous_0)","decl":{"start":{"line":4,"column":25},"end":{"line":4,"column":26}},"loc":{"start":{"line":4,"column":36},"end":{"line":18,"column":1}},"line":4},"1":{"name":"(anonymous_1)","decl":{"start":{"line":7,"column":12},"end":{"line":7,"column":13}},"loc":{"start":{"line":7,"column":18},"end":{"line":9,"column":3}},"line":7},"2":{"name":"(anonymous_2)","decl":{"start":{"line":11,"column":20},"end":{"line":11,"column":21}},"loc":{"start":{"line":11,"column":32},"end":{"line":15,"column":3}},"line":11}},"branchMap":{},"s":{"0":1,"1":4,"2":4,"3":2,"4":4,"5":2,"6":2,"7":2,"8":4},"f":{"0":4,"1":2,"2":2},"b":{},"_coverageSchema":"1a1c01bbd47fc00a2c39e90264f33305004495a9","hash":"725f8e25dd6baca66ed29d16d8e97ce2025d3bab"}
}
