TN:
SF:src/components/Body.js
FN:10,(anonymous_0)
FN:17,(anonymous_1)
FN:21,(anonymous_2)
FN:51,(anonymous_3)
FN:57,(anonymous_4)
FN:58,(anonymous_5)
FN:71,(anonymous_6)
FN:72,(anonymous_7)
FN:83,(anonymous_8)
FN:85,(anonymous_9)
FN:98,(anonymous_10)
FN:104,(anonymous_11)
FNF:12
FNH:11
FNDA:10,(anonymous_0)
FNDA:3,(anonymous_1)
FNDA:3,(anonymous_2)
FNDA:1,(anonymous_3)
FNDA:1,(anonymous_4)
FNDA:20,(anonymous_5)
FNDA:1,(anonymous_6)
FNDA:20,(anonymous_7)
FNDA:1,(anonymous_8)
FNDA:20,(anonymous_9)
FNDA:0,(anonymous_10)
FNDA:99,(anonymous_11)
DA:10,1
DA:11,10
DA:12,10
DA:13,10
DA:15,10
DA:17,10
DA:18,3
DA:21,10
DA:22,3
DA:23,3
DA:25,3
DA:26,3
DA:28,0
DA:32,10
DA:34,10
DA:36,10
DA:40,10
DA:52,1
DA:58,1
DA:59,20
DA:61,1
DA:72,20
DA:74,1
DA:84,1
DA:85,20
DA:87,1
DA:98,0
DA:105,99
LF:28
LH:26
BRDA:34,0,0,0
BRDA:34,0,1,10
BRDA:40,1,0,3
BRDA:40,1,1,7
BRDA:111,2,0,55
BRDA:111,2,1,44
BRF:6
BRH:5
end_of_record
TN:
SF:src/components/Header.js
FN:8,(anonymous_0)
FN:15,(anonymous_1)
FN:47,(anonymous_2)
FNF:3
FNH:3
FNDA:8,(anonymous_0)
FNDA:15,(anonymous_1)
FNDA:1,(anonymous_2)
DA:8,2
DA:9,8
DA:10,8
DA:12,8
DA:15,15
DA:17,8
DA:48,1
LF:7
LH:7
BRDA:29,0,0,8
BRDA:29,0,1,0
BRDA:48,1,0,1
BRDA:48,1,1,0
BRF:4
BRH:2
end_of_record
TN:
SF:src/components/ItemList.js
FN:5,(anonymous_0)
FN:8,(anonymous_1)
FN:16,(anonymous_2)
FN:40,(anonymous_3)
FNF:4
FNH:4
FNDA:7,(anonymous_0)
FNDA:2,(anonymous_1)
FNDA:63,(anonymous_2)
FNDA:2,(anonymous_3)
DA:5,1
DA:6,7
DA:8,7
DA:10,2
DA:13,7
DA:17,63
DA:40,2
LF:7
LH:7
BRDA:24,0,0,63
BRDA:24,0,1,0
BRDA:35,1,0,63
BRDA:35,1,1,0
BRF:4
BRH:2
end_of_record
TN:
SF:src/components/RestaurantCard.js
FN:3,(anonymous_0)
FN:40,(anonymous_1)
FN:41,(anonymous_2)
FNF:3
FNH:3
FNDA:101,(anonymous_0)
FNDA:11,(anonymous_1)
FNDA:56,(anonymous_2)
DA:3,2
DA:4,101
DA:13,101
DA:15,101
DA:40,2
DA:41,11
DA:42,56
LF:7
LH:7
BRDA:23,0,0,9
BRDA:23,0,1,92
BRF:2
BRH:2
end_of_record
TN:
SF:src/components/ResturantCategory.js
FN:5,(anonymous_0)
FN:7,(anonymous_1)
FNF:2
FNH:2
FNDA:10,(anonymous_0)
FNDA:2,(anonymous_1)
DA:5,1
DA:6,10
DA:7,10
DA:9,2
DA:12,10
LF:5
LH:5
BRDA:22,0,0,2
BRDA:22,0,1,8
BRDA:24,1,0,10
BRDA:24,1,1,2
BRF:4
BRH:4
end_of_record
TN:
SF:src/components/Shimmer.js
FN:1,(anonymous_0)
FNF:1
FNH:1
FNDA:5,(anonymous_0)
DA:1,2
DA:2,5
LF:2
LH:2
BRF:0
BRH:0
end_of_record
TN:
SF:src/components/sum.js
FN:1,(anonymous_0)
FNF:1
FNH:1
FNDA:1,(anonymous_0)
DA:1,1
DA:2,1
LF:2
LH:2
BRF:0
BRH:0
end_of_record
TN:
SF:src/pages/Cart.js
FN:5,(anonymous_0)
FN:6,(anonymous_1)
FN:9,(anonymous_2)
FNF:3
FNH:3
FNDA:5,(anonymous_0)
FNDA:10,(anonymous_1)
FNDA:1,(anonymous_2)
DA:5,1
DA:6,10
DA:8,5
DA:9,5
DA:10,1
DA:13,5
LF:6
LH:6
BRDA:23,0,0,5
BRDA:23,0,1,3
BRF:2
BRH:2
end_of_record
TN:
SF:src/pages/Contact.js
FN:1,(anonymous_0)
FNF:1
FNH:1
FNDA:4,(anonymous_0)
DA:1,1
DA:2,4
LF:2
LH:2
BRF:0
BRH:0
end_of_record
TN:
SF:src/pages/RestaurantManu.js
FN:8,(anonymous_0)
FN:21,(anonymous_1)
FN:39,(anonymous_2)
FN:64,(anonymous_3)
FN:70,(anonymous_4)
FNF:5
FNH:4
FNDA:5,(anonymous_0)
FNDA:20,(anonymous_1)
FNDA:4,(anonymous_2)
FNDA:8,(anonymous_3)
FNDA:0,(anonymous_4)
DA:8,1
DA:9,5
DA:10,4
DA:12,4
DA:13,4
DA:16,4
DA:18,4
DA:20,2
DA:22,20
DA:29,2
DA:31,2
DA:40,4
DA:65,8
DA:70,0
LF:14
LH:13
BRDA:18,0,0,2
BRDA:18,0,1,2
BRDA:18,1,0,4
BRDA:18,1,1,2
BRDA:58,2,0,0
BRDA:58,2,1,2
BRDA:69,3,0,2
BRDA:69,3,1,6
BRF:8
BRH:7
end_of_record
TN:
SF:src/utills/UserContext.js
FNF:0
FNH:0
DA:3,3
LF:1
LH:1
BRF:0
BRH:0
end_of_record
TN:
SF:src/utills/appStore.js
FNF:0
FNH:0
DA:4,2
LF:1
LH:1
BRF:0
BRH:0
end_of_record
TN:
SF:src/utills/cartSlice.js
FN:9,(anonymous_0)
FN:13,(anonymous_1)
FN:16,(anonymous_2)
FNF:3
FNH:2
FNDA:2,(anonymous_0)
FNDA:0,(anonymous_1)
FNDA:1,(anonymous_2)
DA:3,2
DA:11,2
DA:14,0
DA:18,1
DA:23,2
LF:5
LH:4
BRF:0
BRH:0
end_of_record
TN:
SF:src/utills/constants.js
FNF:0
FNH:0
DA:2,3
DA:5,3
DA:13,3
DA:15,3
LF:4
LH:4
BRF:0
BRH:0
end_of_record
TN:
SF:src/utills/mockData.js
FNF:0
FNH:0
DA:1,1
LF:1
LH:1
BRF:0
BRH:0
end_of_record
TN:
SF:src/utills/useOnlineStatus.js
FN:3,(anonymous_0)
FN:6,(anonymous_1)
FN:7,(anonymous_2)
FN:11,(anonymous_3)
FNF:4
FNH:2
FNDA:18,(anonymous_0)
FNDA:7,(anonymous_1)
FNDA:0,(anonymous_2)
FNDA:0,(anonymous_3)
DA:3,3
DA:4,18
DA:6,18
DA:7,7
DA:8,0
DA:11,7
DA:12,0
DA:16,18
LF:8
LH:6
BRF:0
BRH:0
end_of_record
TN:
SF:src/utills/useRestrauntMenu.js
FN:4,(anonymous_0)
FN:7,(anonymous_1)
FN:11,(anonymous_2)
FNF:3
FNH:3
FNDA:4,(anonymous_0)
FNDA:2,(anonymous_1)
FNDA:2,(anonymous_2)
DA:4,1
DA:5,4
DA:7,4
DA:8,2
DA:11,4
DA:12,2
DA:13,2
DA:14,2
DA:17,4
LF:9
LH:9
BRF:0
BRH:0
end_of_record
